Command line: /Smaug_SSD/bin/SPAdes-3.13.0-Linux/bin/spades.py	-t	3	-k	47	-1	/Tabima_lab/homes/jcarleton/genome project/Lab_6/assembly/S06/S06_CKDN230002813-1A_HT2J2DSX5_L2_1.fq.gz	-2	/Tabima_lab/homes/jcarleton/genome project/Lab_6/assembly/S06/S06_CKDN230002813-1A_HT2J2DSX5_L2_2.fq.gz	-o	/Tabima_lab/homes/jcarleton/genome project/Lab_6/assembly/S06/spades_47	

System information:
  SPAdes version: 3.13.0
  Python version: 3.8.10
  OS: Linux-5.15.0-67-generic-x86_64-with-glibc2.29

Output dir: /Tabima_lab/homes/jcarleton/genome project/Lab_6/assembly/S06/spades_47
Mode: read error correction and assembling
Debug mode is turned OFF

Dataset parameters:
  Multi-cell mode (you should set '--sc' flag if input data was obtained with MDA (single-cell) technology or --meta flag if processing metagenomic dataset)
  Reads:
    Library number: 1, library type: paired-end
      orientation: fr
      left reads: ['/Tabima_lab/homes/jcarleton/genome project/Lab_6/assembly/S06/S06_CKDN230002813-1A_HT2J2DSX5_L2_1.fq.gz']
      right reads: ['/Tabima_lab/homes/jcarleton/genome project/Lab_6/assembly/S06/S06_CKDN230002813-1A_HT2J2DSX5_L2_2.fq.gz']
      interlaced reads: not specified
      single reads: not specified
      merged reads: not specified
Read error correction parameters:
  Iterations: 1
  PHRED offset will be auto-detected
  Corrected reads will be compressed
Assembly parameters:
  k: [47]
  Repeat resolution is enabled
  Mismatch careful mode is turned OFF
  MismatchCorrector will be SKIPPED
  Coverage cutoff is turned OFF
Other parameters:
  Dir for temp files: /Tabima_lab/homes/jcarleton/genome project/Lab_6/assembly/S06/spades_47/tmp
  Threads: 3
  Memory limit (in Gb): 125


======= SPAdes pipeline started. Log can be found here: /Tabima_lab/homes/jcarleton/genome project/Lab_6/assembly/S06/spades_47/spades.log


===== Read error correction started. 


== Running read error correction tool: /Smaug_SSD/bin/SPAdes-3.13.0-Linux/bin/spades-hammer /Tabima_lab/homes/jcarleton/genome project/Lab_6/assembly/S06/spades_47/corrected/configs/config.info

  0:00:00.000     4M / 4M    INFO    General                 (main.cpp                  :  75)   Starting BayesHammer, built from refs/heads/spades_3.13.0, git revision 8ea46659e9b2aca35444a808db550ac333006f8b
  0:00:00.000     4M / 4M    INFO    General                 (main.cpp                  :  76)   Loading config from /Tabima_lab/homes/jcarleton/genome project/Lab_6/assembly/S06/spades_47/corrected/configs/config.info
  0:00:00.001     4M / 4M    INFO    General                 (main.cpp                  :  78)   Maximum # of threads to use (adjusted due to OMP capabilities): 3
  0:00:00.001     4M / 4M    INFO    General                 (memory_limit.cpp          :  49)   Memory limit set to 125 Gb
  0:00:00.001     4M / 4M    INFO    General                 (main.cpp                  :  86)   Trying to determine PHRED offset
  0:00:00.002     4M / 4M    INFO    General                 (main.cpp                  :  92)   Determined value is 33
  0:00:00.002     4M / 4M    INFO    General                 (hammer_tools.cpp          :  36)   Hamming graph threshold tau=1, k=21, subkmer positions = [ 0 10 ]
  0:00:00.002     4M / 4M    INFO    General                 (main.cpp                  : 113)   Size of aux. kmer data 24 bytes
     === ITERATION 0 begins ===
  0:00:00.003     4M / 4M    INFO   K-mer Index Building     (kmer_index_builder.hpp    : 301)   Building kmer index
  0:00:00.003     4M / 4M    INFO    General                 (kmer_index_builder.hpp    : 117)   Splitting kmer instances into 48 files using 3 threads. This might take a while.
  0:00:00.003     4M / 4M    INFO    General                 (file_limit.hpp            :  32)   Open file limit set to 4096
  0:00:00.003     4M / 4M    INFO    General                 (kmer_splitters.hpp        :  89)   Memory available for splitting buffers: 13.8885 Gb
  0:00:00.003     4M / 4M    INFO    General                 (kmer_splitters.hpp        :  97)   Using cell size of 1398101
  0:00:00.004     1G / 1G    INFO   K-mer Splitting          (kmer_data.cpp             :  97)   Processing /Tabima_lab/homes/jcarleton/genome project/Lab_6/assembly/S06/S06_CKDN230002813-1A_HT2J2DSX5_L2_1.fq.gz
  0:00:35.468     1G / 1G    INFO   K-mer Splitting          (kmer_data.cpp             : 107)   Processed 505638 reads
  0:01:13.841     1G / 1G    INFO   K-mer Splitting          (kmer_data.cpp             : 107)   Processed 1007041 reads
  0:01:55.027     1G / 1G    INFO   K-mer Splitting          (kmer_data.cpp             : 107)   Processed 1510388 reads
  0:02:43.358     1G / 1G    INFO   K-mer Splitting          (kmer_data.cpp             : 107)   Processed 2022520 reads
  0:03:29.754     1G / 1G    INFO   K-mer Splitting          (kmer_data.cpp             : 107)   Processed 2532288 reads
  0:04:13.812     1G / 1G    INFO   K-mer Splitting          (kmer_data.cpp             : 107)   Processed 3037031 reads
  0:04:58.313     1G / 1G    INFO   K-mer Splitting          (kmer_data.cpp             : 107)   Processed 3549578 reads
  0:06:23.422     1G / 1G    INFO   K-mer Splitting          (kmer_data.cpp             : 107)   Processed 4544823 reads
  0:07:47.714     1G / 1G    INFO   K-mer Splitting          (kmer_data.cpp             :  97)   Processing /Tabima_lab/homes/jcarleton/genome project/Lab_6/assembly/S06/S06_CKDN230002813-1A_HT2J2DSX5_L2_2.fq.gz
  0:10:15.911     1G / 1G    ERROR   General                 (kmer_splitters.hpp        : 142)   Cannot open temporary file /Tabima_lab/homes/jcarleton/genome project/Lab_6/assembly/S06/spades_47/tmp/hammer_og2jhz43/kmer_splitter_rYtxna/kmers_raw_TKUPff.32 for writing


== Error ==  system call for: "['/Smaug_SSD/bin/SPAdes-3.13.0-Linux/bin/spades-hammer', '/Tabima_lab/homes/jcarleton/genome project/Lab_6/assembly/S06/spades_47/corrected/configs/config.info']" finished abnormally, err code: 255
[Errno 2] No such file or directory: '/Tabima_lab/homes/jcarleton/genome project/Lab_6/assembly/S06/spades_47/spades.log'
Traceback (most recent call last):
  File "/Smaug_SSD/bin/SPAdes-3.13.0-Linux/bin/spades.py", line 789, in main
    hammer_logic.run_hammer(corrected_dataset_yaml_filename, tmp_configs_dir, bin_home, bh_cfg, dataset_data,
  File "/Smaug_SSD/bin/SPAdes-3.13.0-Linux/share/spades/spades_pipeline/hammer_logic.py", line 146, in run_hammer
    support.sys_call(command, log)
  File "/Smaug_SSD/bin/SPAdes-3.13.0-Linux/share/spades/spades_pipeline/support.py", line 263, in sys_call
    error('system call for: "%s" finished abnormally, err code: %d' % (cmd, proc.returncode), log)
  File "/Smaug_SSD/bin/SPAdes-3.13.0-Linux/share/spades/spades_pipeline/support.py", line 42, in error
    log_warnings(log, with_error=True)
  File "/Smaug_SSD/bin/SPAdes-3.13.0-Linux/share/spades/spades_pipeline/support.py", line 392, in log_warnings
    spades_py_warns, spades_warns = get_important_messages_from_log(log_file, warnings=True)
  File "/Smaug_SSD/bin/SPAdes-3.13.0-Linux/share/spades/spades_pipeline/support.py", line 357, in get_important_messages_from_log
    lines_to_check = open(log_filename, 'r').readlines()
FileNotFoundError: [Errno 2] No such file or directory: '/Tabima_lab/homes/jcarleton/genome project/Lab_6/assembly/S06/spades_47/spades.log'


== Error ==  exception caught: <class 'FileNotFoundError'>
Traceback (most recent call last):
  File "/Smaug_SSD/bin/SPAdes-3.13.0-Linux/bin/spades.py", line 789, in main
    hammer_logic.run_hammer(corrected_dataset_yaml_filename, tmp_configs_dir, bin_home, bh_cfg, dataset_data,
  File "/Smaug_SSD/bin/SPAdes-3.13.0-Linux/share/spades/spades_pipeline/hammer_logic.py", line 146, in run_hammer
    support.sys_call(command, log)
  File "/Smaug_SSD/bin/SPAdes-3.13.0-Linux/share/spades/spades_pipeline/support.py", line 263, in sys_call
    error('system call for: "%s" finished abnormally, err code: %d' % (cmd, proc.returncode), log)
  File "/Smaug_SSD/bin/SPAdes-3.13.0-Linux/share/spades/spades_pipeline/support.py", line 42, in error
    log_warnings(log, with_error=True)
  File "/Smaug_SSD/bin/SPAdes-3.13.0-Linux/share/spades/spades_pipeline/support.py", line 392, in log_warnings
    spades_py_warns, spades_warns = get_important_messages_from_log(log_file, warnings=True)
  File "/Smaug_SSD/bin/SPAdes-3.13.0-Linux/share/spades/spades_pipeline/support.py", line 357, in get_important_messages_from_log
    lines_to_check = open(log_filename, 'r').readlines()
FileNotFoundError: [Errno 2] No such file or directory: '/Tabima_lab/homes/jcarleton/genome project/Lab_6/assembly/S06/spades_47/spades.log'

During handling of the above exception, another exception occurred:

Traceback (most recent call last):
  File "/Smaug_SSD/bin/SPAdes-3.13.0-Linux/bin/spades.py", line 1093, in <module>
    main(sys.argv)
  File "/Smaug_SSD/bin/SPAdes-3.13.0-Linux/bin/spades.py", line 1082, in main
    support.error("exception caught: %s" % exc_type, log)
  File "/Smaug_SSD/bin/SPAdes-3.13.0-Linux/share/spades/spades_pipeline/support.py", line 42, in error
    log_warnings(log, with_error=True)
  File "/Smaug_SSD/bin/SPAdes-3.13.0-Linux/share/spades/spades_pipeline/support.py", line 392, in log_warnings
    spades_py_warns, spades_warns = get_important_messages_from_log(log_file, warnings=True)
  File "/Smaug_SSD/bin/SPAdes-3.13.0-Linux/share/spades/spades_pipeline/support.py", line 357, in get_important_messages_from_log
    lines_to_check = open(log_filename, 'r').readlines()
FileNotFoundError: [Errno 2] No such file or directory: '/Tabima_lab/homes/jcarleton/genome project/Lab_6/assembly/S06/spades_47/spades.log'
